{
  "stats": {
    "suites": 1,
    "tests": 1,
    "passes": 1,
    "pending": 0,
    "failures": 0,
    "start": "2019-03-07T14:30:55.895Z",
    "end": "2019-03-07T14:31:45.026Z",
    "duration": 49131,
    "testsRegistered": 5,
    "passPercent": 20,
    "pendingPercent": 0,
    "other": 0,
    "hasOther": false,
    "skipped": 4,
    "hasSkipped": true,
    "passPercentClass": "danger",
    "pendingPercentClass": "danger"
  },
  "suites": {
    "uuid": "bb0b85e6-757f-4220-9567-e8305295fd95",
    "title": "",
    "fullFile": "",
    "file": "",
    "beforeHooks": [],
    "afterHooks": [],
    "tests": [],
    "suites": [
      {
        "uuid": "0ceecc3b-e27c-4fdb-a7df-156ac27559f7",
        "title": "Miscellaneous Tests @P1 @Miscellaneous",
        "fullFile": "",
        "file": "",
        "beforeHooks": [
          {
            "title": "\"before all\" hook: codeceptjs.beforeSuite",
            "fullTitle": "Miscellaneous Tests @P1 @Miscellaneous \"before all\" hook: codeceptjs.beforeSuite",
            "timedOut": false,
            "duration": 0,
            "pass": false,
            "fail": false,
            "pending": false,
            "code": "scenario.suiteSetup(suite)",
            "err": {},
            "isRoot": false,
            "uuid": "8da563ff-967a-4841-a3de-8d7cf96b80b6",
            "isHook": true,
            "skipped": false
          },
          {
            "title": "\"before each\" hook: codeceptjs.before",
            "fullTitle": "Miscellaneous Tests @P1 @Miscellaneous \"before each\" hook: codeceptjs.before",
            "timedOut": false,
            "duration": 0,
            "pass": false,
            "fail": false,
            "pending": false,
            "code": "scenario.setup(suite)",
            "err": {},
            "isRoot": false,
            "uuid": "a5d51ecc-395a-433e-a3cd-7cf39c4255d4",
            "isHook": true,
            "skipped": false
          }
        ],
        "afterHooks": [
          {
            "title": "\"after all\" hook: codeceptjs.afterSuite",
            "fullTitle": "Miscellaneous Tests @P1 @Miscellaneous \"after all\" hook: codeceptjs.afterSuite",
            "timedOut": false,
            "duration": 0,
            "pass": false,
            "fail": false,
            "pending": false,
            "code": "scenario.suiteTeardown(suite)",
            "err": {},
            "isRoot": false,
            "uuid": "8b54d237-8a4c-4d33-a9a4-021d8f4f3729",
            "isHook": true,
            "skipped": false
          },
          {
            "title": "\"after each\" hook: codeceptjs.after",
            "fullTitle": "Miscellaneous Tests @P1 @Miscellaneous \"after each\" hook: codeceptjs.after",
            "timedOut": false,
            "duration": 0,
            "pass": false,
            "fail": false,
            "pending": false,
            "code": "scenario.teardown(suite)",
            "err": {},
            "isRoot": false,
            "uuid": "58423366-669c-4f20-9dd0-f7a64cd66141",
            "isHook": true,
            "skipped": false
          }
        ],
        "tests": [
          {
            "title": "Login with valid credentials",
            "fullTitle": "Miscellaneous Tests @P1 @Miscellaneous Login with valid credentials",
            "timedOut": false,
            "duration": 0,
            "pass": false,
            "fail": false,
            "pending": false,
            "code": "runSteps(child.steps)",
            "err": {},
            "isRoot": false,
            "uuid": "1df8d8d9-63fd-4eef-98cd-e15578fa2885",
            "isHook": false,
            "skipped": true
          },
          {
            "title": "Logout",
            "fullTitle": "Miscellaneous Tests @P1 @Miscellaneous Logout",
            "timedOut": false,
            "duration": 0,
            "pass": false,
            "fail": false,
            "pending": false,
            "code": "runSteps(child.steps)",
            "err": {},
            "isRoot": false,
            "uuid": "3785c89a-f153-4338-b98b-f65c1e68b717",
            "isHook": false,
            "skipped": true
          },
          {
            "title": "Switch Leisure Centre",
            "fullTitle": "Miscellaneous Tests @P1 @Miscellaneous Switch Leisure Centre",
            "timedOut": false,
            "duration": 0,
            "pass": false,
            "fail": false,
            "pending": false,
            "code": "runSteps(child.steps)",
            "err": {},
            "isRoot": false,
            "uuid": "81d3221e-6c8e-483d-be38-2002dc9c495f",
            "isHook": false,
            "skipped": true
          },
          {
            "title": "User Permissions",
            "fullTitle": "Miscellaneous Tests @P1 @Miscellaneous User Permissions",
            "timedOut": false,
            "duration": 0,
            "pass": false,
            "fail": false,
            "pending": false,
            "code": "runSteps(child.steps)",
            "err": {},
            "isRoot": false,
            "uuid": "f4272eb3-12d3-4d3e-8c0e-08aa109c85cb",
            "isHook": false,
            "skipped": true
          }
        ],
        "suites": [],
        "passes": [],
        "failures": [],
        "pending": [],
        "skipped": [
          "1df8d8d9-63fd-4eef-98cd-e15578fa2885",
          "3785c89a-f153-4338-b98b-f65c1e68b717",
          "81d3221e-6c8e-483d-be38-2002dc9c495f",
          "f4272eb3-12d3-4d3e-8c0e-08aa109c85cb"
        ],
        "duration": null,
        "root": false,
        "rootEmpty": false,
        "_timeout": 0
      },
      {
        "uuid": "4263a1af-c6f1-4d6b-b90a-4f02ab525ef7",
        "title": "Overview Tests @P1 @Overview_Tests",
        "fullFile": "",
        "file": "",
        "beforeHooks": [
          {
            "title": "\"before all\" hook: codeceptjs.beforeSuite",
            "fullTitle": "Overview Tests @P1 @Overview_Tests \"before all\" hook: codeceptjs.beforeSuite",
            "timedOut": false,
            "duration": 1,
            "pass": false,
            "fail": false,
            "pending": false,
            "code": "scenario.suiteSetup(suite)",
            "err": {},
            "isRoot": false,
            "uuid": "b26d1891-d69e-402a-8c57-bf8b189569f4",
            "isHook": true,
            "skipped": false
          },
          {
            "title": "\"before each\" hook: codeceptjs.before",
            "fullTitle": "Overview Tests @P1 @Overview_Tests \"before each\" hook: codeceptjs.before",
            "timedOut": false,
            "duration": 6396,
            "pass": false,
            "fail": false,
            "pending": false,
            "code": "scenario.setup(suite)",
            "err": {},
            "isRoot": false,
            "uuid": "960f8ed2-0be8-46f5-9d21-4e7411f31f25",
            "isHook": true,
            "skipped": false
          }
        ],
        "afterHooks": [
          {
            "title": "\"after all\" hook: codeceptjs.afterSuite",
            "fullTitle": "Overview Tests @P1 @Overview_Tests \"after all\" hook: codeceptjs.afterSuite",
            "timedOut": false,
            "duration": 1,
            "pass": false,
            "fail": false,
            "pending": false,
            "code": "scenario.suiteTeardown(suite)",
            "err": {},
            "isRoot": false,
            "uuid": "19358b9d-53e7-44fd-87eb-2d5c4fde8989",
            "isHook": true,
            "skipped": false
          },
          {
            "title": "\"after each\" hook: codeceptjs.after",
            "fullTitle": "Overview Tests @P1 @Overview_Tests \"after each\" hook: codeceptjs.after",
            "timedOut": false,
            "duration": 2489,
            "pass": false,
            "fail": false,
            "pending": false,
            "code": "scenario.teardown(suite)",
            "err": {},
            "isRoot": false,
            "uuid": "9d780f6b-da08-4022-a784-2bee2fcfe8fc",
            "isHook": true,
            "skipped": false
          }
        ],
        "tests": [
          {
            "title": "Assessment Asses Student",
            "fullTitle": "Overview Tests @P1 @Overview_Tests Assessment Asses Student",
            "timedOut": false,
            "duration": 40233,
            "state": "passed",
            "speed": "slow",
            "pass": true,
            "fail": false,
            "pending": false,
            "code": "runSteps(child.steps)",
            "err": {},
            "isRoot": false,
            "uuid": "f656d79a-ec5c-4a96-ad0b-fc7873baf415",
            "isHook": false,
            "skipped": false
          }
        ],
        "suites": [],
        "passes": [
          "f656d79a-ec5c-4a96-ad0b-fc7873baf415"
        ],
        "failures": [],
        "pending": [],
        "skipped": [],
        "duration": 40233,
        "root": false,
        "rootEmpty": false,
        "_timeout": 0
      }
    ],
    "passes": [],
    "failures": [],
    "pending": [],
    "skipped": [],
    "duration": 0,
    "root": true,
    "rootEmpty": true,
    "_timeout": 0
  },
  "copyrightYear": 2019
}